1732903296926:exit
1732909577305:describe account
1732909639538:sign in privileged admin admin
1732909646649:describe account
1732909957112:account describe
1732909974096:describe account
1732909996367:sign in privileged admin admin
1732913326807:describe account
1732913344101:sign out
1732969825433:exit
1732969866982:sign out
1732969888203:sign in privileged admin admin
1732969901926:sign out
1732969970709:exit
1732973488865:sign in pivileged admin admin
1732973533086:sign in privileged admin admin
1733052699974:list movies
1733052719133:sign in privileged admin admin
1733052728450:list movies
1733052761052:create movie "Sprited Away" animation 125
1733052768311:list movies
1733056685580:describe account
1733056707737:sign in privileged admin admin
1733056716729:describe account
1733056730730:create movie Sátántangó drama 450
1733056745054:list movies
